0 info it worked if it ends with ok
1 verbose cli [ '/root/.nvm/versions/node/v7.7.4/bin/node',
1 verbose cli   '/root/.nvm/versions/node/v7.7.4/bin/npm',
1 verbose cli   'version',
1 verbose cli   'patch',
1 verbose cli   '--force' ]
2 info using npm@4.1.2
3 info using node@v7.7.4
4 warn using --force I sure hope you know what you are doing.
5 info git [ 'status', '--porcelain' ]
6 info lifecycle o-socket.io-client@1.0.12~preversion: o-socket.io-client@1.0.12
7 silly lifecycle o-socket.io-client@1.0.12~preversion: no script for preversion, continuing
8 verbose version.write data { name: 'o-socket.io-client',
8 verbose version.write   version: '1.0.12',
8 verbose version.write   description: '',
8 verbose version.write   main: 'socketClient.js',
8 verbose version.write   scripts: { test: 'echo "Error: no test specified" && exit 1' },
8 verbose version.write   author: '',
8 verbose version.write   license: 'ISC',
8 verbose version.write   dependencies: { 'socket.io-client': '^2.1.1' } } to package.json
9 info lifecycle o-socket.io-client@1.0.12~version: o-socket.io-client@1.0.12
10 silly lifecycle o-socket.io-client@1.0.12~version: no script for version, continuing
11 info git [ 'add', '/home/oblio/socketClient/package.json' ]
12 info git [ 'commit', '-m', '1.0.12' ]
13 info git [ 'tag', 'v1.0.12', '-am', '1.0.12' ]
14 verbose stack Error: Command failed: git tag v1.0.12 -am 1.0.12
14 verbose stack fatal: tag 'v1.0.12' already exists
14 verbose stack
14 verbose stack     at ChildProcess.exithandler (child_process.js:205:12)
14 verbose stack     at emitTwo (events.js:106:13)
14 verbose stack     at ChildProcess.emit (events.js:194:7)
14 verbose stack     at maybeClose (internal/child_process.js:899:16)
14 verbose stack     at Socket.<anonymous> (internal/child_process.js:342:11)
14 verbose stack     at emitOne (events.js:96:13)
14 verbose stack     at Socket.emit (events.js:191:7)
14 verbose stack     at Pipe._handle.close [as _onclose] (net.js:513:12)
15 verbose cwd /home/oblio/socketClient
16 error Linux 4.10.0-28-generic
17 error argv "/root/.nvm/versions/node/v7.7.4/bin/node" "/root/.nvm/versions/node/v7.7.4/bin/npm" "version" "patch" "--force"
18 error node v7.7.4
19 error npm  v4.1.2
20 error code 128
21 error Command failed: git tag v1.0.12 -am 1.0.12
21 error fatal: tag 'v1.0.12' already exists
22 error If you need help, you may report this error at:
22 error     <https://github.com/npm/npm/issues>
23 verbose exit [ 1, true ]
